Release 14.7 - xst P.20131013 (nt)
Copyright (c) 1995-2013 Xilinx, Inc.  All rights reserved.
--> Parameter TMPDIR set to xst/projnav.tmp


Total REAL time to Xst completion: 1.00 secs
Total CPU time to Xst completion: 0.11 secs
 
--> Parameter xsthdpdir set to xst


Total REAL time to Xst completion: 1.00 secs
Total CPU time to Xst completion: 0.13 secs
 
--> Reading design: aut2.prj

TABLE OF CONTENTS
  1) Synthesis Options Summary
  2) HDL Parsing
  3) HDL Elaboration
  4) HDL Synthesis
       4.1) HDL Synthesis Report
  5) Advanced HDL Synthesis
       5.1) Advanced HDL Synthesis Report
  6) Low Level Synthesis
  7) Partition Report
  8) Design Summary
       8.1) Primitive and Black Box Usage
       8.2) Device utilization summary
       8.3) Partition Resource Summary
       8.4) Timing Report
            8.4.1) Clock Information
            8.4.2) Asynchronous Control Signals Information
            8.4.3) Timing Summary
            8.4.4) Timing Details
            8.4.5) Cross Clock Domains Report


=========================================================================
*                      Synthesis Options Summary                        *
=========================================================================
---- Source Parameters
Input File Name                    : "aut2.prj"
Ignore Synthesis Constraint File   : NO

---- Target Parameters
Output File Name                   : "aut2"
Output Format                      : NGC
Target Device                      : xc6slx45-3-csg324

---- Source Options
Top Module Name                    : aut2
Automatic FSM Extraction           : YES
FSM Encoding Algorithm             : Auto
Safe Implementation                : No
FSM Style                          : LUT
RAM Extraction                     : Yes
RAM Style                          : Auto
ROM Extraction                     : Yes
Shift Register Extraction          : YES
ROM Style                          : Auto
Resource Sharing                   : YES
Asynchronous To Synchronous        : NO
Shift Register Minimum Size        : 2
Use DSP Block                      : Auto
Automatic Register Balancing       : No

---- Target Options
LUT Combining                      : Auto
Reduce Control Sets                : Auto
Add IO Buffers                     : YES
Global Maximum Fanout              : 100000
Add Generic Clock Buffer(BUFG)     : 16
Register Duplication               : YES
Optimize Instantiated Primitives   : NO
Use Clock Enable                   : Auto
Use Synchronous Set                : Auto
Use Synchronous Reset              : Auto
Pack IO Registers into IOBs        : Auto
Equivalent register Removal        : YES

---- General Options
Optimization Goal                  : Speed
Optimization Effort                : 1
Power Reduction                    : NO
Keep Hierarchy                     : No
Netlist Hierarchy                  : As_Optimized
RTL Output                         : Yes
Global Optimization                : AllClockNets
Read Cores                         : YES
Write Timing Constraints           : NO
Cross Clock Analysis               : NO
Hierarchy Separator                : /
Bus Delimiter                      : <>
Case Specifier                     : Maintain
Slice Utilization Ratio            : 100
BRAM Utilization Ratio             : 100
DSP48 Utilization Ratio            : 100
Auto BRAM Packing                  : NO
Slice Utilization Ratio Delta      : 5

=========================================================================


=========================================================================
*                          HDL Parsing                                  *
=========================================================================
Parsing VHDL file "C:\Users\Krzysztof\XilinxProj\autom0_1\ck_divider.vhd" into library work
Parsing entity <ck_divider>.
Parsing architecture <Behavioral> of entity <ck_divider>.
Parsing VHDL file "C:\Users\Krzysztof\XilinxProj\autom0_1\aut0_1.vhd" into library work
Parsing entity <aut2>.
Parsing architecture <Behavioral> of entity <aut2>.

=========================================================================
*                            HDL Elaboration                            *
=========================================================================

Elaborating entity <aut2> (architecture <Behavioral>) from library <work>.

Elaborating entity <ck_divider> (architecture <Behavioral>) from library <work>.

=========================================================================
*                           HDL Synthesis                               *
=========================================================================

Synthesizing Unit <aut2>.
    Related source file is "C:\Users\Krzysztof\XilinxProj\autom0_1\aut0_1.vhd".
    Found 2-bit register for signal <state>.
    Found finite state machine <FSM_0> for signal <state>.
    -----------------------------------------------------------------------
    | States             | 4                                              |
    | Transitions        | 8                                              |
    | Inputs             | 1                                              |
    | Outputs            | 2                                              |
    | Clock              | CLK1 (rising_edge)                             |
    | Power Up State     | s0                                             |
    | Encoding           | auto                                           |
    | Implementation     | LUT                                            |
    -----------------------------------------------------------------------
    Found 4-bit 4-to-1 multiplexer for signal <Z> created at line 23.
    Summary:
	inferred   1 Multiplexer(s).
	inferred   1 Finite State Machine(s).
Unit <aut2> synthesized.

Synthesizing Unit <ck_divider>.
    Related source file is "C:\Users\Krzysztof\XilinxProj\autom0_1\ck_divider.vhd".
    Found 10-bit register for signal <count1>.
    Found 10-bit register for signal <count2>.
    Found 10-bit register for signal <count3>.
    Found 1-bit register for signal <D>.
    Found 10-bit register for signal <count0>.
    Found 10-bit adder for signal <count0[9]_GND_4_o_add_0_OUT> created at line 23.
    Found 10-bit adder for signal <count1[9]_GND_4_o_add_2_OUT> created at line 26.
    Found 10-bit adder for signal <count2[9]_GND_4_o_add_4_OUT> created at line 29.
    Found 10-bit adder for signal <count3[9]_GND_4_o_add_6_OUT> created at line 32.
    Summary:
	inferred   4 Adder/Subtractor(s).
	inferred  41 D-type flip-flop(s).
Unit <ck_divider> synthesized.

=========================================================================
HDL Synthesis Report

Macro Statistics
# Adders/Subtractors                                   : 4
 10-bit adder                                          : 4
# Registers                                            : 5
 1-bit register                                        : 1
 10-bit register                                       : 4
# Multiplexers                                         : 1
 4-bit 4-to-1 multiplexer                              : 1
# FSMs                                                 : 1

=========================================================================

=========================================================================
*                       Advanced HDL Synthesis                          *
=========================================================================


Synthesizing (advanced) Unit <ck_divider>.
The following registers are absorbed into counter <count0>: 1 register on signal <count0>.
The following registers are absorbed into counter <count1>: 1 register on signal <count1>.
The following registers are absorbed into counter <count2>: 1 register on signal <count2>.
The following registers are absorbed into counter <count3>: 1 register on signal <count3>.
Unit <ck_divider> synthesized (advanced).

=========================================================================
Advanced HDL Synthesis Report

Macro Statistics
# Counters                                             : 4
 10-bit up counter                                     : 4
# Registers                                            : 1
 Flip-Flops                                            : 1
# FSMs                                                 : 1

=========================================================================

=========================================================================
*                         Low Level Synthesis                           *
=========================================================================
Analyzing FSM <MFsm> for best encoding.
Optimizing FSM <FSM_0> on signal <state[1:2]> with user encoding.
-------------------
 State | Encoding
-------------------
 s0    | 00
 s1    | 01
 s2    | 10
 s3    | 11
-------------------

Optimizing unit <aut2> ...

Optimizing unit <ck_divider> ...

Mapping all equations...
Building and optimizing final netlist ...
Found area constraint ratio of 100 (+ 5) on block aut2, actual ratio is 0.

Final Macro Processing ...

=========================================================================
Final Register Report

Macro Statistics
# Registers                                            : 43
 Flip-Flops                                            : 43

=========================================================================

=========================================================================
*                           Partition Report                            *
=========================================================================

Partition Implementation Status
-------------------------------

  No Partitions were found in this design.

-------------------------------

=========================================================================
*                            Design Summary                             *
=========================================================================

Top Level Output File Name         : aut2.ngc

Primitive and Black Box Usage:
------------------------------
# BELS                             : 168
#      GND                         : 1
#      INV                         : 5
#      LUT1                        : 36
#      LUT3                        : 5
#      LUT4                        : 2
#      LUT5                        : 13
#      LUT6                        : 29
#      MUXCY                       : 36
#      VCC                         : 1
#      XORCY                       : 40
# FlipFlops/Latches                : 43
#      FD                          : 33
#      FDR                         : 10
# Clock Buffers                    : 1
#      BUFGP                       : 1
# IO Buffers                       : 5
#      IBUF                        : 1
#      OBUF                        : 4

Device utilization summary:
---------------------------

Selected Device : 6slx45csg324-3 


Slice Logic Utilization: 
 Number of Slice Registers:              43  out of  54576     0%  
 Number of Slice LUTs:                   90  out of  27288     0%  
    Number used as Logic:                90  out of  27288     0%  

Slice Logic Distribution: 
 Number of LUT Flip Flop pairs used:     90
   Number with an unused Flip Flop:      47  out of     90    52%  
   Number with an unused LUT:             0  out of     90     0%  
   Number of fully used LUT-FF pairs:    43  out of     90    47%  
   Number of unique control sets:         3

IO Utilization: 
 Number of IOs:                           6
 Number of bonded IOBs:                   6  out of    218     2%  

Specific Feature Utilization:
 Number of BUFG/BUFGCTRLs:                1  out of     16     6%  

---------------------------
Partition Resource Summary:
---------------------------

  No Partitions were found in this design.

---------------------------


=========================================================================
Timing Report

NOTE: THESE TIMING NUMBERS ARE ONLY A SYNTHESIS ESTIMATE.
      FOR ACCURATE TIMING INFORMATION PLEASE REFER TO THE TRACE REPORT
      GENERATED AFTER PLACE-and-ROUTE.

Clock Information:
------------------
-----------------------------------+------------------------+-------+
Clock Signal                       | Clock buffer(FF name)  | Load  |
-----------------------------------+------------------------+-------+
clock/D                            | NONE(state_FSM_FFd1)   | 2     |
CLK100                             | BUFGP                  | 41    |
-----------------------------------+------------------------+-------+
INFO:Xst:2169 - HDL ADVISOR - Some clock signals were not automatically buffered by XST with BUFG/BUFR resources. Please use the buffer_type constraint in order to insert these buffers to the clock signals to help prevent skew problems.

Asynchronous Control Signals Information:
----------------------------------------
No asynchronous control signals found in this design

Timing Summary:
---------------
Speed Grade: -3

   Minimum period: 4.950ns (Maximum Frequency: 202.016MHz)
   Minimum input arrival time before clock: 2.244ns
   Maximum output required time after clock: 4.775ns
   Maximum combinational path delay: 5.292ns

Timing Details:
---------------
All values displayed in nanoseconds (ns)

=========================================================================
Timing constraint: Default period analysis for Clock 'clock/D'
  Clock period: 2.078ns (frequency: 481.325MHz)
  Total number of paths / destination ports: 3 / 2
-------------------------------------------------------------------------
Delay:               2.078ns (Levels of Logic = 1)
  Source:            state_FSM_FFd2 (FF)
  Destination:       state_FSM_FFd2 (FF)
  Source Clock:      clock/D rising
  Destination Clock: clock/D rising

  Data Path: state_FSM_FFd2 to state_FSM_FFd2
                                Gate     Net
    Cell:in->out      fanout   Delay   Delay  Logical Name (Net Name)
    ----------------------------------------  ------------
     FD:C->Q               6   0.447   0.744  state_FSM_FFd2 (state_FSM_FFd2)
     INV:I->O              1   0.206   0.579  state_FSM_FFd2-In1_INV_0 (state_FSM_FFd2-In)
     FD:D                      0.102          state_FSM_FFd2
    ----------------------------------------
    Total                      2.078ns (0.755ns logic, 1.323ns route)
                                       (36.3% logic, 63.7% route)

=========================================================================
Timing constraint: Default period analysis for Clock 'CLK100'
  Clock period: 4.950ns (frequency: 202.016MHz)
  Total number of paths / destination ports: 1781 / 51
-------------------------------------------------------------------------
Delay:               4.950ns (Levels of Logic = 4)
  Source:            clock/count2_0 (FF)
  Destination:       clock/count3_9 (FF)
  Source Clock:      CLK100 rising
  Destination Clock: CLK100 rising

  Data Path: clock/count2_0 to clock/count3_9
                                Gate     Net
    Cell:in->out      fanout   Delay   Delay  Logical Name (Net Name)
    ----------------------------------------  ------------
     FD:C->Q               3   0.447   0.995  clock/count2_0 (clock/count2_0)
     LUT5:I0->O            2   0.203   0.617  clock/GND_4_o_count2[9]_equal_6_o<9>_SW0 (N01)
     LUT6:I5->O           21   0.205   1.114  clock/GND_4_o_count2[9]_equal_6_o<9> (clock/GND_4_o_count2[9]_equal_6_o)
     LUT5:I4->O           10   0.205   0.857  clock/_n00663 (clock/_n0066)
     LUT6:I5->O            1   0.205   0.000  clock/count3_9_rstpot1 (clock/count3_9_rstpot1)
     FD:D                      0.102          clock/count3_9
    ----------------------------------------
    Total                      4.950ns (1.367ns logic, 3.583ns route)
                                       (27.6% logic, 72.4% route)

=========================================================================
Timing constraint: Default OFFSET IN BEFORE for Clock 'clock/D'
  Total number of paths / destination ports: 1 / 1
-------------------------------------------------------------------------
Offset:              2.244ns (Levels of Logic = 2)
  Source:            X (PAD)
  Destination:       state_FSM_FFd1 (FF)
  Destination Clock: clock/D rising

  Data Path: X to state_FSM_FFd1
                                Gate     Net
    Cell:in->out      fanout   Delay   Delay  Logical Name (Net Name)
    ----------------------------------------  ------------
     IBUF:I->O             5   1.222   0.715  X_IBUF (X_IBUF)
     LUT3:I2->O            1   0.205   0.000  state_FSM_FFd1-In11 (state_FSM_FFd1-In)
     FD:D                      0.102          state_FSM_FFd1
    ----------------------------------------
    Total                      2.244ns (1.529ns logic, 0.715ns route)
                                       (68.1% logic, 31.9% route)

=========================================================================
Timing constraint: Default OFFSET OUT AFTER for Clock 'clock/D'
  Total number of paths / destination ports: 8 / 4
-------------------------------------------------------------------------
Offset:              4.775ns (Levels of Logic = 2)
  Source:            state_FSM_FFd2 (FF)
  Destination:       Z<3> (PAD)
  Source Clock:      clock/D rising

  Data Path: state_FSM_FFd2 to Z<3>
                                Gate     Net
    Cell:in->out      fanout   Delay   Delay  Logical Name (Net Name)
    ----------------------------------------  ------------
     FD:C->Q               6   0.447   0.973  state_FSM_FFd2 (state_FSM_FFd2)
     LUT3:I0->O            1   0.205   0.579  Z<3>1 (Z_3_OBUF)
     OBUF:I->O                 2.571          Z_3_OBUF (Z<3>)
    ----------------------------------------
    Total                      4.775ns (3.223ns logic, 1.552ns route)
                                       (67.5% logic, 32.5% route)

=========================================================================
Timing constraint: Default path analysis
  Total number of paths / destination ports: 4 / 4
-------------------------------------------------------------------------
Delay:               5.292ns (Levels of Logic = 3)
  Source:            X (PAD)
  Destination:       Z<3> (PAD)

  Data Path: X to Z<3>
                                Gate     Net
    Cell:in->out      fanout   Delay   Delay  Logical Name (Net Name)
    ----------------------------------------  ------------
     IBUF:I->O             5   1.222   0.715  X_IBUF (X_IBUF)
     LUT3:I2->O            1   0.205   0.579  Z<3>1 (Z_3_OBUF)
     OBUF:I->O                 2.571          Z_3_OBUF (Z<3>)
    ----------------------------------------
    Total                      5.292ns (3.998ns logic, 1.294ns route)
                                       (75.6% logic, 24.4% route)

=========================================================================

Cross Clock Domains Report:
--------------------------

Clock to Setup on destination clock CLK100
---------------+---------+---------+---------+---------+
               | Src:Rise| Src:Fall| Src:Rise| Src:Fall|
Source Clock   |Dest:Rise|Dest:Rise|Dest:Fall|Dest:Fall|
---------------+---------+---------+---------+---------+
CLK100         |    4.950|         |         |         |
---------------+---------+---------+---------+---------+

Clock to Setup on destination clock clock/D
---------------+---------+---------+---------+---------+
               | Src:Rise| Src:Fall| Src:Rise| Src:Fall|
Source Clock   |Dest:Rise|Dest:Rise|Dest:Fall|Dest:Fall|
---------------+---------+---------+---------+---------+
clock/D        |    2.078|         |         |         |
---------------+---------+---------+---------+---------+

=========================================================================


Total REAL time to Xst completion: 6.00 secs
Total CPU time to Xst completion: 5.63 secs
 
--> 

Total memory usage is 195060 kilobytes

Number of errors   :    0 (   0 filtered)
Number of warnings :    0 (   0 filtered)
Number of infos    :    1 (   0 filtered)

