Running: D:\Programy\Xilinx\14.7\ISE_DS\ISE\bin\nt64\unwrapped\fuse.exe -intstyle ise -incremental -lib secureip -o C:/Users/Dawid/Desktop/PTC/Laby3/Licznik/twobit_counter_isim_beh.exe -prj C:/Users/Dawid/Desktop/PTC/Laby3/Licznik/twobit_counter_beh.prj work.twobit_counter 
ISim P.20131013 (signature 0x7708f090)
Number of CPUs detected in this system: 8
Turning on mult-threading, number of parallel sub-compilation jobs: 16 
Determining compilation order of HDL files
Parsing VHDL file "C:/Users/Dawid/Desktop/PTC/Laby3/Licznik/tff.vhd" into library work
Parsing VHDL file "C:/Users/Dawid/Desktop/PTC/Laby3/Licznik/ck_divider.vhd" into library work
Parsing VHDL file "C:/Users/Dawid/Desktop/PTC/Laby3/Licznik/two_bit_counter.vhd" into library work
Starting static elaboration
Completed static elaboration
Compiling package standard
Compiling package std_logic_1164
Compiling architecture behavioral of entity ck_divider [ck_divider_default]
Compiling architecture my_behavioral of entity tff [tff_default]
Compiling architecture structural of entity twobit_counter
Time Resolution for simulation is 1ps.
Waiting for 1 sub-compilation(s) to finish...
WARNING:Simulator - Unable to copy libPortabilityNOSH.dll to the simulation executable directory: boost::filesystem::copy_file: System nie mo¿e odnale æ okre lonej  cie¿ki, "isim\twobit_counter_isim_beh.exe.sim\libPortability.dll".
Compiled 7 VHDL Units
Built simulation executable C:/Users/Dawid/Desktop/PTC/Laby3/Licznik/twobit_counter_isim_beh.exe
Fuse Memory Usage: 29684 KB
Fuse CPU Usage: 265 ms
